app/build/intermediates/manifest_merge_blame_file/release/manifest-merger-blame-release-report.txt
1<?xml version="1.0" encoding="utf-8"?>
2<manifest xmlns:android="http://schemas.android.com/apk/res/android"
3    package="com.example.analysisreport"
4    android:versionCode="1"
5    android:versionName="1.0" >
6
7    <uses-sdk
8        android:minSdkVersion="16"
8-->src\main\AndroidManifest.xml
9        android:targetSdkVersion="29" />
9-->src\main\AndroidManifest.xml
10
11    <uses-permission android:name="android.permission.INTERNET" />
11-->src\main\AndroidManifest.xml:5:5-67
11-->src\main\AndroidManifest.xml:5:22-64
12    <uses-permission android:name="android.permission.ACCESS_NETWORK_STATE" />
12-->src\main\AndroidManifest.xml:6:5-79
12-->src\main\AndroidManifest.xml:6:22-76
13
14    <uses-permission-sdk-23 android:name="android.permission.INTERNET" />
14-->src\main\AndroidManifest.xml:8:5-74
14-->src\main\AndroidManifest.xml:8:29-71
15    <uses-permission-sdk-23 android:name="android.permission.ACCESS_NETWORK_STATE" />
15-->src\main\AndroidManifest.xml:9:5-86
15-->src\main\AndroidManifest.xml:9:29-83
16
17    <application
17-->src\main\AndroidManifest.xml:11:5-41:19
18        android:allowBackup="true"
18-->src\main\AndroidManifest.xml:12:9-35
19        android:appComponentFactory="androidx.core.app.CoreComponentFactory"
19-->[androidx.core:core:1.1.0] AndroidManifest.xml:24:18-86
20        android:icon="@mipmap/ic_launcher"
20-->src\main\AndroidManifest.xml:13:9-43
21        android:label="@string/app_name"
21-->src\main\AndroidManifest.xml:14:9-41
22        android:roundIcon="@mipmap/ic_launcher_round"
22-->src\main\AndroidManifest.xml:15:9-54
23        android:supportsRtl="true"
23-->src\main\AndroidManifest.xml:16:9-35
24        android:theme="@style/AppTheme" >
24-->src\main\AndroidManifest.xml:17:9-40
25        <activity android:name="com.example.analysisreport.Activity.DetailPanen" />
25-->src\main\AndroidManifest.xml:18:9-67
25-->src\main\AndroidManifest.xml:18:19-55
26        <activity android:name="com.example.analysisreport.Activity.InpuDataPanen" />
26-->src\main\AndroidManifest.xml:19:9-60
26-->src\main\AndroidManifest.xml:19:19-57
27        <activity android:name="com.example.analysisreport.Chart.ChartSampling" />
27-->src\main\AndroidManifest.xml:20:9-57
27-->src\main\AndroidManifest.xml:20:19-54
28        <activity android:name="com.example.analysisreport.Chart.ChartPakan" />
28-->src\main\AndroidManifest.xml:21:9-54
28-->src\main\AndroidManifest.xml:21:19-51
29        <activity android:name="com.example.analysisreport.Activity.UpdateIsiAir" />
29-->src\main\AndroidManifest.xml:22:9-59
29-->src\main\AndroidManifest.xml:22:19-56
30        <activity android:name="com.example.analysisreport.Activity.InputDataSampling" />
30-->src\main\AndroidManifest.xml:23:9-64
30-->src\main\AndroidManifest.xml:23:19-61
31        <activity android:name="com.example.analysisreport.Activity.InputDataPakan" />
31-->src\main\AndroidManifest.xml:24:9-61
31-->src\main\AndroidManifest.xml:24:19-58
32        <activity android:name="com.example.analysisreport.Activity.InputDataAir" />
32-->src\main\AndroidManifest.xml:25:9-59
32-->src\main\AndroidManifest.xml:25:19-56
33        <activity android:name="com.example.analysisreport.Activity.DetailSampling" />
33-->src\main\AndroidManifest.xml:26:9-61
33-->src\main\AndroidManifest.xml:26:19-58
34        <activity android:name="com.example.analysisreport.Activity.DetailPakan" />
34-->src\main\AndroidManifest.xml:27:9-58
34-->src\main\AndroidManifest.xml:27:19-55
35        <activity android:name="com.example.analysisreport.Activity.DetailAir" />
35-->src\main\AndroidManifest.xml:28:9-56
35-->src\main\AndroidManifest.xml:28:19-53
36        <activity android:name="com.example.analysisreport.Activity.InputData" />
36-->src\main\AndroidManifest.xml:29:9-56
36-->src\main\AndroidManifest.xml:29:19-53
37        <activity android:name="com.example.analysisreport.Activity.Main3Activity" />
37-->src\main\AndroidManifest.xml:30:9-60
37-->src\main\AndroidManifest.xml:30:19-57
38        <activity android:name="com.example.analysisreport.Activity.ListTambak" />
38-->src\main\AndroidManifest.xml:31:9-57
38-->src\main\AndroidManifest.xml:31:19-54
39        <activity android:name="com.example.analysisreport.Activity.MainActivity" />
39-->src\main\AndroidManifest.xml:32:9-59
39-->src\main\AndroidManifest.xml:32:19-56
40        <activity android:name="com.example.analysisreport.Activity.Register" />
40-->src\main\AndroidManifest.xml:33:9-55
40-->src\main\AndroidManifest.xml:33:19-52
41        <activity android:name="com.example.analysisreport.Activity.Main2Activity" >
41-->src\main\AndroidManifest.xml:34:9-40:20
41-->src\main\AndroidManifest.xml:34:19-57
42            <intent-filter>
42-->src\main\AndroidManifest.xml:35:13-39:29
43                <action android:name="android.intent.action.MAIN" />
43-->src\main\AndroidManifest.xml:36:17-69
43-->src\main\AndroidManifest.xml:36:25-66
44
45                <category android:name="android.intent.category.LAUNCHER" />
45-->src\main\AndroidManifest.xml:38:17-77
45-->src\main\AndroidManifest.xml:38:27-74
46            </intent-filter>
47        </activity>
48
49        <service
49-->[com.google.firebase:firebase-database:19.3.0] AndroidManifest.xml:29:9-35:19
50            android:name="com.google.firebase.components.ComponentDiscoveryService"
50-->[com.google.firebase:firebase-database:19.3.0] AndroidManifest.xml:30:13-84
51            android:directBootAware="true"
51-->[com.google.firebase:firebase-common:19.3.0] AndroidManifest.xml:34:13-43
52            android:exported="false" >
52-->[com.google.firebase:firebase-database:19.3.0] AndroidManifest.xml:31:13-37
53            <meta-data
53-->[com.google.firebase:firebase-database:19.3.0] AndroidManifest.xml:32:13-34:85
54                android:name="com.google.firebase.components:com.google.firebase.database.DatabaseRegistrar"
54-->[com.google.firebase:firebase-database:19.3.0] AndroidManifest.xml:33:17-109
55                android:value="com.google.firebase.components.ComponentRegistrar" />
55-->[com.google.firebase:firebase-database:19.3.0] AndroidManifest.xml:34:17-82
56            <meta-data
56-->[com.google.firebase:firebase-auth:19.3.1] AndroidManifest.xml:36:13-38:85
57                android:name="com.google.firebase.components:com.google.firebase.auth.FirebaseAuthRegistrar"
57-->[com.google.firebase:firebase-auth:19.3.1] AndroidManifest.xml:37:17-109
58                android:value="com.google.firebase.components.ComponentRegistrar" />
58-->[com.google.firebase:firebase-auth:19.3.1] AndroidManifest.xml:38:17-82
59        </service>
60
61        <activity
61-->[com.google.firebase:firebase-auth:19.3.1] AndroidManifest.xml:24:9-31:50
62            android:name="com.google.firebase.auth.internal.FederatedSignInActivity"
62-->[com.google.firebase:firebase-auth:19.3.1] AndroidManifest.xml:25:13-85
63            android:excludeFromRecents="true"
63-->[com.google.firebase:firebase-auth:19.3.1] AndroidManifest.xml:26:13-46
64            android:exported="true"
64-->[com.google.firebase:firebase-auth:19.3.1] AndroidManifest.xml:27:13-36
65            android:launchMode="singleTask"
65-->[com.google.firebase:firebase-auth:19.3.1] AndroidManifest.xml:28:13-44
66            android:permission="com.google.firebase.auth.api.gms.permission.LAUNCH_FEDERATED_SIGN_IN"
66-->[com.google.firebase:firebase-auth:19.3.1] AndroidManifest.xml:29:13-102
67            android:theme="@android:style/Theme.Translucent.NoTitleBar" />
67-->[com.google.firebase:firebase-auth:19.3.1] AndroidManifest.xml:30:13-72
68
69        <provider
69-->[com.google.firebase:firebase-common:19.3.0] AndroidManifest.xml:26:9-30:39
70            android:name="com.google.firebase.provider.FirebaseInitProvider"
70-->[com.google.firebase:firebase-common:19.3.0] AndroidManifest.xml:27:13-77
71            android:authorities="com.example.analysisreport.firebaseinitprovider"
71-->[com.google.firebase:firebase-common:19.3.0] AndroidManifest.xml:28:13-72
72            android:exported="false"
72-->[com.google.firebase:firebase-common:19.3.0] AndroidManifest.xml:29:13-37
73            android:initOrder="100" />
73-->[com.google.firebase:firebase-common:19.3.0] AndroidManifest.xml:30:13-36
74
75        <activity
75-->[com.google.android.gms:play-services-base:17.1.0] AndroidManifest.xml:23:9-26:75
76            android:name="com.google.android.gms.common.api.GoogleApiActivity"
76-->[com.google.android.gms:play-services-base:17.1.0] AndroidManifest.xml:24:13-79
77            android:exported="false"
77-->[com.google.android.gms:play-services-base:17.1.0] AndroidManifest.xml:25:13-37
78            android:theme="@android:style/Theme.Translucent.NoTitleBar" />
78-->[com.google.android.gms:play-services-base:17.1.0] AndroidManifest.xml:26:13-72
79
80        <meta-data
80-->[com.google.android.gms:play-services-basement:17.0.0] AndroidManifest.xml:23:9-25:69
81            android:name="com.google.android.gms.version"
81-->[com.google.android.gms:play-services-basement:17.0.0] AndroidManifest.xml:24:13-58
82            android:value="@integer/google_play_services_version" />
82-->[com.google.android.gms:play-services-basement:17.0.0] AndroidManifest.xml:25:13-66
83    </application>
84
85</manifest>